<ComponentTest>
<Title>
UCLIDAFCoreTest.AutomatedRuleSetTester.1
</Title>
<TestCase>
<ID>
1
</ID>
<Description>
D:\Engineering\ProductDevelopment\AttributeFinder\IndustrySpecific\LabResults\CustomerRules\West Bend\TestingFiles\Set002\TestResults\0030.dat
</Description>
<TestCaseFile>
D:\Engineering\ProductDevelopment\AttributeFinder\IndustrySpecific\LabResults\CustomerRules\West Bend\TestingFiles\TestTestResults.rsd
</TestCaseFile>
<TestCaseFile>
k:\Common\Engineering\Sample Files\West Bend\Set002\Images\0030.tif.uss
</TestCaseFile>
<TestCaseFile>
k:\Common\Engineering\Sample Files\West Bend\Set002\Images\0030.tif
</TestCaseFile>
<TestCaseFile>
K:\Common\Engineering\Sample Files\West Bend\Set002\EAV\TestResults\0030.tif.eav
</TestCaseFile>
<TestCaseFile>
K:\Common\Engineering\Sample Files\West Bend\Set002\EAV\TestResults\0030.tif.nte
</TestCaseFile>
<TestCaseFile>
k:\Common\Engineering\Sample Files\West Bend\Set002\Images\0030.tif.TR.voa
</TestCaseFile>
<TestCaseCompareData>
<Title>
Compare Attributes
</Title>
<Title>
Expected Attributes
</Title>
<Detail>
<Line>
Test|N/A
</Line>
<Line>
.Name|Blood Chemistry - Hormones
</Line>
<Line>
.CollectionDate|04/24/2009
</Line>
<Line>
.CollectionTime|12:35
</Line>
<Line>
.Component|Renin Activity
</Line>
<Line>
..Value|5.73
</Line>
<Line>
..Units|ng/mL/hr
</Line>
</Detail>
<Title>
Found Attributes
</Title>
<Detail>
<Line>
Test|N/A
</Line>
<Line>
.Component|Renin Activity
</Line>
<Line>
..Value|5.73
</Line>
<Line>
.Name|Blood Chemistry - Hormones
</Line>
<Line>
.CollectionTime|11:35
</Line>
<Line>
.CollectionDate|
</Line>
</Detail>
</TestCaseCompareData>
<TestCaseResult>
FAILURE
</TestCaseResult>
</TestCase>
<TestCase>
<ID>
Wed May 27 16:50:43 2009
</ID>
<Description>
Summary of Attribute Statistics:
</Description>
<TestCaseDetailNote>
<Title>
Test
</Title>
<Detail>
<Line>
Total Expected: 1
</Line>
<Line>
Total Correct: 1 (100.00%)
</Line>
<Line>
Total Incorrectly Found: 0
</Line>
<Line>
Approximate Extras: 0 (0.00%)
</Line>
</Detail>
</TestCaseDetailNote>
<TestCaseDetailNote>
<Title>
Test.CollectionDate
</Title>
<Detail>
<Line>
Total Expected: 1
</Line>
<Line>
Total Correct: 0 (0.00%)
</Line>
<Line>
Total Incorrectly Found: 1
</Line>
<Line>
Approximate Extras: 0 (0.00%)
</Line>
</Detail>
</TestCaseDetailNote>
<TestCaseDetailNote>
<Title>
Test.CollectionTime
</Title>
<Detail>
<Line>
Total Expected: 1
</Line>
<Line>
Total Correct: 0 (0.00%)
</Line>
<Line>
Total Incorrectly Found: 1
</Line>
<Line>
Approximate Extras: 0 (0.00%)
</Line>
</Detail>
</TestCaseDetailNote>
<TestCaseDetailNote>
<Title>
Test.Component
</Title>
<Detail>
<Line>
Total Expected: 1
</Line>
<Line>
Total Correct: 1 (100.00%)
</Line>
<Line>
Total Incorrectly Found: 0
</Line>
<Line>
Approximate Extras: 0 (0.00%)
</Line>
</Detail>
</TestCaseDetailNote>
<TestCaseDetailNote>
<Title>
Test.Component.Units
</Title>
<Detail>
<Line>
Total Expected: 1
</Line>
<Line>
Total Correct: 0 (0.00%)
</Line>
<Line>
Total Incorrectly Found: 0
</Line>
<Line>
Approximate Extras: 0 (0.00%)
</Line>
</Detail>
</TestCaseDetailNote>
<TestCaseDetailNote>
<Title>
Test.Component.Value
</Title>
<Detail>
<Line>
Total Expected: 1
</Line>
<Line>
Total Correct: 1 (100.00%)
</Line>
<Line>
Total Incorrectly Found: 0
</Line>
<Line>
Approximate Extras: 0 (0.00%)
</Line>
</Detail>
</TestCaseDetailNote>
<TestCaseDetailNote>
<Title>
Test.Name
</Title>
<Detail>
<Line>
Total Expected: 1
</Line>
<Line>
Total Correct: 1 (100.00%)
</Line>
<Line>
Total Incorrectly Found: 0
</Line>
<Line>
Approximate Extras: 0 (0.00%)
</Line>
</Detail>
</TestCaseDetailNote>
<TestCaseResult>
FAILURE
</TestCaseResult>
</TestCase>
<Summary>
<ID>
Wed May 27 16:50:43 2009
</ID>
<Line>
Total test cases executed: 1
</Line>
<Line>
Total test cases passed: 0 (0.00%)
</Line>
<Line>
Total test cases failed: 1 (100.00%)
</Line>
<Line>
Total elapsed time: 0 second(s)
</Line>
</Summary>
</ComponentTest>
