<ComponentTest>
<Title>
UCLIDAFCoreTest.AutomatedRuleSetTester.1
</Title>
<TestCase>
<ID>
2
</ID>
<Description>
D:\Engineering\ProductDevelopment\AttributeFinder\IndustrySpecific\LabResults\CustomerRules\West Bend\TestingFiles\Set003\TestResults\0006.dat
</Description>
<TestCaseFile>
D:\Engineering\ProductDevelopment\AttributeFinder\IndustrySpecific\LabResults\CustomerRules\West Bend\TestingFiles\TestTestResults.rsd
</TestCaseFile>
<TestCaseFile>
k:\Common\Engineering\Sample Files\West Bend\Set003\Images\0006.tif.uss
</TestCaseFile>
<TestCaseFile>
k:\Common\Engineering\Sample Files\West Bend\Set003\Images\0006.tif
</TestCaseFile>
<TestCaseFile>
K:\Common\Engineering\Sample Files\West Bend\Set002\EAV\TestResults\0006.tif.eav
</TestCaseFile>
<TestCaseFile>
K:\Common\Engineering\Sample Files\West Bend\Set002\EAV\TestResults\0006.tif.nte
</TestCaseFile>
<TestCaseFile>
k:\Common\Engineering\Sample Files\West Bend\Set003\Images\0006.tif.TR.voa
</TestCaseFile>
<TestCaseCompareData>
<Title>
Compare Attributes
</Title>
<Title>
Expected Attributes
</Title>
<Detail>
<Line>
Test|N/A
</Line>
<Line>
.Name|OTHER
</Line>
<Line>
.CollectionDate|04/23/2009
</Line>
<Line>
.CollectionTime|00:00
</Line>
<Line>
.Component|INSULIN, 2 HOUR
</Line>
<Line>
..Value|93
</Line>
<Line>
..Units|UIU/ML
</Line>
<Line>
..Range|5-55
</Line>
<Line>
..Flag|H
</Line>
</Detail>
<Title>
Found Attributes
</Title>
<Detail>
<Line>
Test|N/A
</Line>
<Line>
.Component|INSULIN, 2 HOUR
</Line>
<Line>
..Range|5-55
</Line>
<Line>
..Value|93 H
</Line>
<Line>
.Name|OTHER
</Line>
<Line>
.CollectionTime|00:00
</Line>
<Line>
.CollectionDate|04/23/2009
</Line>
</Detail>
</TestCaseCompareData>
<TestCaseResult>
FAILURE
</TestCaseResult>
</TestCase>
<TestCase>
<ID>
Mon Jun 01 13:31:42 2009
</ID>
<Description>
Summary of Attribute Statistics:
</Description>
<TestCaseDetailNote>
<Title>
Test
</Title>
<Detail>
<Line>
Total Expected: 1
</Line>
<Line>
Total Correct: 1 (100.00%)
</Line>
<Line>
Total Incorrectly Found: 0
</Line>
<Line>
Approximate Extras: 0 (0.00%)
</Line>
</Detail>
</TestCaseDetailNote>
<TestCaseDetailNote>
<Title>
Test.CollectionDate
</Title>
<Detail>
<Line>
Total Expected: 1
</Line>
<Line>
Total Correct: 1 (100.00%)
</Line>
<Line>
Total Incorrectly Found: 0
</Line>
<Line>
Approximate Extras: 0 (0.00%)
</Line>
</Detail>
</TestCaseDetailNote>
<TestCaseDetailNote>
<Title>
Test.CollectionTime
</Title>
<Detail>
<Line>
Total Expected: 1
</Line>
<Line>
Total Correct: 1 (100.00%)
</Line>
<Line>
Total Incorrectly Found: 0
</Line>
<Line>
Approximate Extras: 0 (0.00%)
</Line>
</Detail>
</TestCaseDetailNote>
<TestCaseDetailNote>
<Title>
Test.Component
</Title>
<Detail>
<Line>
Total Expected: 1
</Line>
<Line>
Total Correct: 1 (100.00%)
</Line>
<Line>
Total Incorrectly Found: 0
</Line>
<Line>
Approximate Extras: 0 (0.00%)
</Line>
</Detail>
</TestCaseDetailNote>
<TestCaseDetailNote>
<Title>
Test.Component.Flag
</Title>
<Detail>
<Line>
Total Expected: 1
</Line>
<Line>
Total Correct: 0 (0.00%)
</Line>
<Line>
Total Incorrectly Found: 0
</Line>
<Line>
Approximate Extras: 0 (0.00%)
</Line>
</Detail>
</TestCaseDetailNote>
<TestCaseDetailNote>
<Title>
Test.Component.Range
</Title>
<Detail>
<Line>
Total Expected: 1
</Line>
<Line>
Total Correct: 1 (100.00%)
</Line>
<Line>
Total Incorrectly Found: 0
</Line>
<Line>
Approximate Extras: 0 (0.00%)
</Line>
</Detail>
</TestCaseDetailNote>
<TestCaseDetailNote>
<Title>
Test.Component.Units
</Title>
<Detail>
<Line>
Total Expected: 1
</Line>
<Line>
Total Correct: 0 (0.00%)
</Line>
<Line>
Total Incorrectly Found: 0
</Line>
<Line>
Approximate Extras: 0 (0.00%)
</Line>
</Detail>
</TestCaseDetailNote>
<TestCaseDetailNote>
<Title>
Test.Component.Value
</Title>
<Detail>
<Line>
Total Expected: 1
</Line>
<Line>
Total Correct: 0 (0.00%)
</Line>
<Line>
Total Incorrectly Found: 1
</Line>
<Line>
Approximate Extras: 0 (0.00%)
</Line>
</Detail>
</TestCaseDetailNote>
<TestCaseDetailNote>
<Title>
Test.Name
</Title>
<Detail>
<Line>
Total Expected: 1
</Line>
<Line>
Total Correct: 1 (100.00%)
</Line>
<Line>
Total Incorrectly Found: 0
</Line>
<Line>
Approximate Extras: 0 (0.00%)
</Line>
</Detail>
</TestCaseDetailNote>
<TestCaseResult>
FAILURE
</TestCaseResult>
</TestCase>
<Summary>
<ID>
Mon Jun 01 13:31:42 2009
</ID>
<Line>
Total test cases executed: 1
</Line>
<Line>
Total test cases passed: 0 (0.00%)
</Line>
<Line>
Total test cases failed: 1 (100.00%)
</Line>
<Line>
Total elapsed time: 1 second(s)
</Line>
</Summary>
</ComponentTest>
