<ComponentTest>
<Title>
UCLIDAFCoreTest.AutomatedRuleSetTester.1
</Title>
<TestCase>
<ID>
2
</ID>
<Description>
D:\Engineering\ProductDevelopment\AttributeFinder\IndustrySpecific\LabResults\CustomerRules\West Bend\TestingFiles\Set003\TestResults\0027.dat
</Description>
<TestCaseFile>
D:\Engineering\ProductDevelopment\AttributeFinder\IndustrySpecific\LabResults\CustomerRules\West Bend\TestingFiles\TestTestResults.rsd
</TestCaseFile>
<TestCaseFile>
k:\Common\Engineering\Sample Files\West Bend\Set003\Images\0027.tif.uss
</TestCaseFile>
<TestCaseFile>
k:\Common\Engineering\Sample Files\West Bend\Set003\Images\0027.tif
</TestCaseFile>
<TestCaseFile>
K:\Common\Engineering\Sample Files\West Bend\Set002\EAV\TestResults\0027.tif.eav
</TestCaseFile>
<TestCaseFile>
K:\Common\Engineering\Sample Files\West Bend\Set002\EAV\TestResults\0027.tif.nte
</TestCaseFile>
<TestCaseFile>
k:\Common\Engineering\Sample Files\West Bend\Set003\Images\0027.tif.TR.voa
</TestCaseFile>
<TestCaseCompareData>
<Title>
Compare Attributes
</Title>
<Title>
Expected Attributes
</Title>
<Detail>
<Line>
Test|N/A
</Line>
<Line>
.Name|AUTOLMMUNE SEROLOGY
</Line>
<Line>
.CollectionDate|04/24/2020
</Line>
<Line>
.CollectionTime|16:25
</Line>
<Line>
.Component|CENTROMERE ANTIBODY
</Line>
<Line>
..Value|1.6
</Line>
<Line>
..Units|AI
</Line>
<Line>
..Range|0.0-0.9
</Line>
<Line>
..Flag|H
</Line>
<Line>
Test|N/A
</Line>
<Line>
.Name|AUTOLMMUNE SEROLOGY
</Line>
<Line>
.CollectionDate|04/24/2020
</Line>
<Line>
.CollectionTime|16:25
</Line>
<Line>
.Component|RNP ANTIBODY SCREEN
</Line>
<Line>
..Value|0.3
</Line>
<Line>
..Units|AI
</Line>
<Line>
..Range|0.0-0.9
</Line>
<Line>
.Component|SCL-70 ANTIBODY IGG
</Line>
<Line>
..Value|&lt;0.2
</Line>
<Line>
..Units|AI
</Line>
<Line>
..Range|0.0-0.9
</Line>
<Line>
.Component|SMITH ANTIBODY
</Line>
<Line>
..Value|&lt;0.2
</Line>
<Line>
..Units|AI
</Line>
<Line>
..Range|0.0-0.9
</Line>
</Detail>
<Title>
Found Attributes
</Title>
<Detail>
<Line>
Test|N/A
</Line>
<Line>
.Component|CENTROMERE ANTIBODY
</Line>
<Line>
..Flag|HI
</Line>
<Line>
..Range|0 0
</Line>
<Line>
..Value|1.6
</Line>
<Line>
.Name|AUTOIMMUNE SEROLOGY
</Line>
<Line>
.CollectionTime|16:25
</Line>
<Line>
.CollectionDate|04/24/2009
</Line>
<Line>
Test|N/A
</Line>
<Line>
.Component|RNP ANTIBODY SCREEN
</Line>
<Line>
..Range|0.0-0.9
</Line>
<Line>
..Value|0.3
</Line>
<Line>
.Component|SCL-70 ANTIBODY IGG
</Line>
<Line>
..Range|0.0-0.9
</Line>
<Line>
..Value|2
</Line>
<Line>
.Component|SMITH ANTIBODY
</Line>
<Line>
..Range|0-0
</Line>
<Line>
..Value|&lt;0.2
</Line>
<Line>
.Name|OTHER
</Line>
<Line>
.CollectionTime|16:25
</Line>
<Line>
.CollectionDate|04/24/2009
</Line>
</Detail>
</TestCaseCompareData>
<TestCaseResult>
FAILURE
</TestCaseResult>
</TestCase>
<TestCase>
<ID>
Mon Jun 01 13:31:44 2009
</ID>
<Description>
Summary of Attribute Statistics:
</Description>
<TestCaseDetailNote>
<Title>
Test
</Title>
<Detail>
<Line>
Total Expected: 2
</Line>
<Line>
Total Correct: 2 (100.00%)
</Line>
<Line>
Total Incorrectly Found: 0
</Line>
<Line>
Approximate Extras: 0 (0.00%)
</Line>
</Detail>
</TestCaseDetailNote>
<TestCaseDetailNote>
<Title>
Test.CollectionDate
</Title>
<Detail>
<Line>
Total Expected: 2
</Line>
<Line>
Total Correct: 0 (0.00%)
</Line>
<Line>
Total Incorrectly Found: 2
</Line>
<Line>
Approximate Extras: 0 (0.00%)
</Line>
</Detail>
</TestCaseDetailNote>
<TestCaseDetailNote>
<Title>
Test.CollectionTime
</Title>
<Detail>
<Line>
Total Expected: 2
</Line>
<Line>
Total Correct: 2 (100.00%)
</Line>
<Line>
Total Incorrectly Found: 0
</Line>
<Line>
Approximate Extras: 0 (0.00%)
</Line>
</Detail>
</TestCaseDetailNote>
<TestCaseDetailNote>
<Title>
Test.Component
</Title>
<Detail>
<Line>
Total Expected: 4
</Line>
<Line>
Total Correct: 4 (100.00%)
</Line>
<Line>
Total Incorrectly Found: 0
</Line>
<Line>
Approximate Extras: 0 (0.00%)
</Line>
</Detail>
</TestCaseDetailNote>
<TestCaseDetailNote>
<Title>
Test.Component.Flag
</Title>
<Detail>
<Line>
Total Expected: 1
</Line>
<Line>
Total Correct: 0 (0.00%)
</Line>
<Line>
Total Incorrectly Found: 1
</Line>
<Line>
Approximate Extras: 0 (0.00%)
</Line>
</Detail>
</TestCaseDetailNote>
<TestCaseDetailNote>
<Title>
Test.Component.Range
</Title>
<Detail>
<Line>
Total Expected: 4
</Line>
<Line>
Total Correct: 2 (50.00%)
</Line>
<Line>
Total Incorrectly Found: 2
</Line>
<Line>
Approximate Extras: 0 (0.00%)
</Line>
</Detail>
</TestCaseDetailNote>
<TestCaseDetailNote>
<Title>
Test.Component.Units
</Title>
<Detail>
<Line>
Total Expected: 4
</Line>
<Line>
Total Correct: 0 (0.00%)
</Line>
<Line>
Total Incorrectly Found: 0
</Line>
<Line>
Approximate Extras: 0 (0.00%)
</Line>
</Detail>
</TestCaseDetailNote>
<TestCaseDetailNote>
<Title>
Test.Component.Value
</Title>
<Detail>
<Line>
Total Expected: 4
</Line>
<Line>
Total Correct: 3 (75.00%)
</Line>
<Line>
Total Incorrectly Found: 1
</Line>
<Line>
Approximate Extras: 0 (0.00%)
</Line>
</Detail>
</TestCaseDetailNote>
<TestCaseDetailNote>
<Title>
Test.Name
</Title>
<Detail>
<Line>
Total Expected: 2
</Line>
<Line>
Total Correct: 0 (0.00%)
</Line>
<Line>
Total Incorrectly Found: 2
</Line>
<Line>
Approximate Extras: 0 (0.00%)
</Line>
</Detail>
</TestCaseDetailNote>
<TestCaseResult>
FAILURE
</TestCaseResult>
</TestCase>
<Summary>
<ID>
Mon Jun 01 13:31:44 2009
</ID>
<Line>
Total test cases executed: 1
</Line>
<Line>
Total test cases passed: 0 (0.00%)
</Line>
<Line>
Total test cases failed: 1 (100.00%)
</Line>
<Line>
Total elapsed time: 0 second(s)
</Line>
</Summary>
</ComponentTest>
