<ComponentTest>
<Title>
UCLIDAFCoreTest.AutomatedRuleSetTester.1
</Title>
<TestCase>
<ID>
2
</ID>
<Description>
D:\Engineering\ProductDevelopment\AttributeFinder\IndustrySpecific\LabResults\CustomerRules\West Bend\TestingFiles\Set003\TestResults\0032.dat
</Description>
<TestCaseFile>
D:\Engineering\ProductDevelopment\AttributeFinder\IndustrySpecific\LabResults\CustomerRules\West Bend\TestingFiles\TestTestResults.rsd
</TestCaseFile>
<TestCaseFile>
k:\Common\Engineering\Sample Files\West Bend\Set003\Images\0032.tif.uss
</TestCaseFile>
<TestCaseFile>
k:\Common\Engineering\Sample Files\West Bend\Set003\Images\0032.tif
</TestCaseFile>
<TestCaseFile>
K:\Common\Engineering\Sample Files\West Bend\Set002\EAV\TestResults\0032.tif.eav
</TestCaseFile>
<TestCaseFile>
K:\Common\Engineering\Sample Files\West Bend\Set002\EAV\TestResults\0032.tif.nte
</TestCaseFile>
<TestCaseFile>
k:\Common\Engineering\Sample Files\West Bend\Set003\Images\0032.tif.TR.voa
</TestCaseFile>
<TestCaseCompareData>
<Title>
Compare Attributes
</Title>
<Title>
Expected Attributes
</Title>
<Detail>
<Line>
Test|N/A
</Line>
<Line>
.Name|BLOOD BANK - BLOOD GROUP AND TYPE
</Line>
<Line>
.CollectionDate|04/20/2009
</Line>
<Line>
.CollectionTime|14:22
</Line>
<Line>
.Component|ABORH TYPE
</Line>
<Line>
..Value|A NEG
</Line>
<Line>
.Component|ABORH RERYPE
</Line>
<Line>
..Value|A NEG
</Line>
<Line>
Test|N/A
</Line>
<Line>
.Name|BLOOD BANK - ANTIBODY SCREENING AND TESTING
</Line>
<Line>
.CollectionDate|04/20/2009
</Line>
<Line>
.CollectionTime|14:22
</Line>
<Line>
.Component|ANTIBODY SCREEN
</Line>
<Line>
..Value|POSITIVE
</Line>
<Line>
.Component|ANTIBODY I
</Line>
<Line>
..Value|ANTI-D
</Line>
<Line>
.Component|DIRECT COOMBS
</Line>
<Line>
..Value|NEGATIVE
</Line>
</Detail>
<Title>
Found Attributes
</Title>
<Detail>
<Line>
Test|N/A
</Line>
<Line>
.Component|ANTIBODY SCREEN
</Line>
<Line>
..Value|POSITIVE
</Line>
<Line>
.Component|ANTIBODY I
</Line>
<Line>
..Value|17
</Line>
<Line>
.Component|DIRECT COOMBS
</Line>
<Line>
..Value|NEGATIVE
</Line>
<Line>
.Component|ANTIBODY I
</Line>
<Line>
.Name|COLLCULCD DATE
</Line>
<Line>
.CollectionTime|14:22
</Line>
<Line>
.CollectionDate|04/20/2002
</Line>
</Detail>
</TestCaseCompareData>
<TestCaseResult>
FAILURE
</TestCaseResult>
</TestCase>
<TestCase>
<ID>
Mon Jun 01 13:31:44 2009
</ID>
<Description>
Summary of Attribute Statistics:
</Description>
<TestCaseDetailNote>
<Title>
Test
</Title>
<Detail>
<Line>
Total Expected: 2
</Line>
<Line>
Total Correct: 1 (50.00%)
</Line>
<Line>
Total Incorrectly Found: 0
</Line>
<Line>
Approximate Extras: 0 (0.00%)
</Line>
</Detail>
</TestCaseDetailNote>
<TestCaseDetailNote>
<Title>
Test.CollectionDate
</Title>
<Detail>
<Line>
Total Expected: 2
</Line>
<Line>
Total Correct: 0 (0.00%)
</Line>
<Line>
Total Incorrectly Found: 1
</Line>
<Line>
Approximate Extras: 0 (0.00%)
</Line>
</Detail>
</TestCaseDetailNote>
<TestCaseDetailNote>
<Title>
Test.CollectionTime
</Title>
<Detail>
<Line>
Total Expected: 2
</Line>
<Line>
Total Correct: 1 (50.00%)
</Line>
<Line>
Total Incorrectly Found: 0
</Line>
<Line>
Approximate Extras: 0 (0.00%)
</Line>
</Detail>
</TestCaseDetailNote>
<TestCaseDetailNote>
<Title>
Test.Component
</Title>
<Detail>
<Line>
Total Expected: 5
</Line>
<Line>
Total Correct: 3 (60.00%)
</Line>
<Line>
Total Incorrectly Found: 1
</Line>
<Line>
Approximate Extras: 0 (0.00%)
</Line>
</Detail>
</TestCaseDetailNote>
<TestCaseDetailNote>
<Title>
Test.Component.Value
</Title>
<Detail>
<Line>
Total Expected: 5
</Line>
<Line>
Total Correct: 2 (40.00%)
</Line>
<Line>
Total Incorrectly Found: 1
</Line>
<Line>
Approximate Extras: 0 (0.00%)
</Line>
</Detail>
</TestCaseDetailNote>
<TestCaseDetailNote>
<Title>
Test.Name
</Title>
<Detail>
<Line>
Total Expected: 2
</Line>
<Line>
Total Correct: 0 (0.00%)
</Line>
<Line>
Total Incorrectly Found: 1
</Line>
<Line>
Approximate Extras: 0 (0.00%)
</Line>
</Detail>
</TestCaseDetailNote>
<TestCaseResult>
FAILURE
</TestCaseResult>
</TestCase>
<Summary>
<ID>
Mon Jun 01 13:31:44 2009
</ID>
<Line>
Total test cases executed: 1
</Line>
<Line>
Total test cases passed: 0 (0.00%)
</Line>
<Line>
Total test cases failed: 1 (100.00%)
</Line>
<Line>
Total elapsed time: 0 second(s)
</Line>
</Summary>
</ComponentTest>
